0 verbose cli /Users/bohdan.kolesnik/.nvm/versions/node/v20.10.0/bin/node /Users/bohdan.kolesnik/.nvm/versions/node/v20.10.0/bin/npm
1 info using npm@10.2.3
2 info using node@v20.10.0
3 timing npm:load:whichnode Completed in 0ms
4 timing config:load:defaults Completed in 1ms
5 timing config:load:file:/Users/bohdan.kolesnik/.nvm/versions/node/v20.10.0/lib/node_modules/npm/npmrc Completed in 0ms
6 timing config:load:builtin Completed in 0ms
7 timing config:load:cli Completed in 2ms
8 timing config:load:env Completed in 0ms
9 timing config:load:file:/Users/bohdan.kolesnik/Desktop/cerna/.npmrc Completed in 0ms
10 timing config:load:project Completed in 2ms
11 timing config:load:file:/Users/bohdan.kolesnik/.npmrc Completed in 0ms
12 timing config:load:user Completed in 0ms
13 timing config:load:file:/Users/bohdan.kolesnik/.nvm/versions/node/v20.10.0/etc/npmrc Completed in 0ms
14 timing config:load:global Completed in 0ms
15 timing config:load:setEnvs Completed in 1ms
16 timing config:load Completed in 6ms
17 timing npm:load:configload Completed in 6ms
18 timing config:load:flatten Completed in 1ms
19 timing npm:load:mkdirpcache Completed in 0ms
20 timing npm:load:mkdirplogs Completed in 1ms
21 verbose title npm install framer-motion
22 verbose argv "install" "framer-motion" "--no-audit" "--no-fund" "--cache" "./.npm-cache"
23 timing npm:load:setTitle Completed in 1ms
24 timing npm:load:display Completed in 0ms
25 verbose logfile logs-max:10 dir:/Users/bohdan.kolesnik/Desktop/cerna/.npm-cache/_logs/2025-12-24T23_03_05_754Z-
26 verbose logfile /Users/bohdan.kolesnik/Desktop/cerna/.npm-cache/_logs/2025-12-24T23_03_05_754Z-debug-0.log
27 timing npm:load:logFile Completed in 9ms
28 timing npm:load:timers Completed in 0ms
29 timing npm:load:configScope Completed in 0ms
30 timing npm:load Completed in 26ms
31 timing arborist:ctor Completed in 0ms
32 silly logfile done cleaning log files
33 timing idealTree:init Completed in 115ms
34 timing idealTree:userRequests Completed in 0ms
35 silly idealTree buildDeps
36 silly fetch manifest framer-motion@*
37 timing arborist:ctor Completed in 0ms
38 http fetch GET 200 https://registry.npmjs.org/npm 321ms (cache miss)
39 http fetch GET 200 https://registry.npmjs.org/framer-motion 206ms (cache miss)
40 silly fetch manifest @emotion/is-prop-valid@*
41 http fetch GET 200 https://registry.npmjs.org/@emotion%2fis-prop-valid 57ms (cache miss)
42 silly fetch manifest react@19.2.3
43 http fetch GET 200 https://registry.npmjs.org/react 332ms (cache miss)
44 silly fetch manifest react-dom@19.2.3
45 http fetch GET 200 https://registry.npmjs.org/react-dom 329ms (cache miss)
46 silly placeDep ROOT framer-motion@12.23.26 OK for: cerna@0.1.0 want: *
47 silly fetch manifest motion-dom@^12.23.23
48 silly fetch manifest motion-utils@^12.23.6
49 http fetch GET 200 https://registry.npmjs.org/motion-utils 468ms (cache miss)
50 http fetch GET 200 https://registry.npmjs.org/motion-dom 478ms (cache miss)
51 timing idealTree:#root Completed in 1474ms
52 timing idealTree:node_modules/@tailwindcss/oxide-wasm32-wasi Completed in 0ms
53 silly placeDep ROOT motion-dom@12.23.23 OK for: framer-motion@12.23.26 want: ^12.23.23
54 silly placeDep ROOT motion-utils@12.23.6 OK for: framer-motion@12.23.26 want: ^12.23.6
55 timing idealTree:node_modules/framer-motion Completed in 2ms
56 timing idealTree:node_modules/motion-dom Completed in 0ms
57 timing idealTree:node_modules/motion-utils Completed in 0ms
58 timing idealTree:buildDeps Completed in 1477ms
59 timing idealTree:fixDepFlags Completed in 5ms
60 timing idealTree Completed in 1602ms
61 timing reify:loadTrees Completed in 1602ms
62 timing reify:diffTrees Completed in 7ms
63 silly reify mark retired [ '/Users/bohdan.kolesnik/Desktop/cerna/node_modules/qs' ]
64 silly reify mark retired [ '/Users/bohdan.kolesnik/Desktop/cerna/node_modules/stripe' ]
65 silly reify moves {
65 silly reify   '/Users/bohdan.kolesnik/Desktop/cerna/node_modules/qs': '/Users/bohdan.kolesnik/Desktop/cerna/node_modules/.qs-mE1vWJ8q',
65 silly reify   '/Users/bohdan.kolesnik/Desktop/cerna/node_modules/stripe': '/Users/bohdan.kolesnik/Desktop/cerna/node_modules/.stripe-Y88HePbu'
65 silly reify }
66 timing reify:retireShallow Completed in 5ms
67 timing reify:createSparse Completed in 7ms
68 verbose reify failed optional dependency /Users/bohdan.kolesnik/Desktop/cerna/node_modules/@tailwindcss/oxide-wasm32-wasi
69 silly reify mark deleted [
69 silly reify   '/Users/bohdan.kolesnik/Desktop/cerna/node_modules/@tailwindcss/oxide-wasm32-wasi'
69 silly reify ]
70 timing reifyNode:node_modules/@tailwindcss/oxide-wasm32-wasi Completed in 2ms
71 timing arborist:ctor Completed in 0ms
72 timing reify:diffTrees Completed in 3ms
73 timing reify:loadBundles Completed in 9ms
74 verbose reify failed optional dependency /Users/bohdan.kolesnik/Desktop/cerna/node_modules/lightningcss-win32-x64-msvc
75 silly reify mark deleted [
75 silly reify   '/Users/bohdan.kolesnik/Desktop/cerna/node_modules/lightningcss-win32-x64-msvc'
75 silly reify ]
76 verbose reify failed optional dependency /Users/bohdan.kolesnik/Desktop/cerna/node_modules/lightningcss-win32-arm64-msvc
77 silly reify mark deleted [
77 silly reify   '/Users/bohdan.kolesnik/Desktop/cerna/node_modules/lightningcss-win32-arm64-msvc'
77 silly reify ]
78 verbose reify failed optional dependency /Users/bohdan.kolesnik/Desktop/cerna/node_modules/lightningcss-linux-x64-musl
79 silly reify mark deleted [
79 silly reify   '/Users/bohdan.kolesnik/Desktop/cerna/node_modules/lightningcss-linux-x64-musl'
79 silly reify ]
80 verbose reify failed optional dependency /Users/bohdan.kolesnik/Desktop/cerna/node_modules/lightningcss-linux-x64-gnu
81 silly reify mark deleted [
81 silly reify   '/Users/bohdan.kolesnik/Desktop/cerna/node_modules/lightningcss-linux-x64-gnu'
81 silly reify ]
82 verbose reify failed optional dependency /Users/bohdan.kolesnik/Desktop/cerna/node_modules/lightningcss-linux-arm64-musl
83 silly reify mark deleted [
83 silly reify   '/Users/bohdan.kolesnik/Desktop/cerna/node_modules/lightningcss-linux-arm64-musl'
83 silly reify ]
84 verbose reify failed optional dependency /Users/bohdan.kolesnik/Desktop/cerna/node_modules/lightningcss-linux-arm64-gnu
85 silly reify mark deleted [
85 silly reify   '/Users/bohdan.kolesnik/Desktop/cerna/node_modules/lightningcss-linux-arm64-gnu'
85 silly reify ]
86 verbose reify failed optional dependency /Users/bohdan.kolesnik/Desktop/cerna/node_modules/lightningcss-linux-arm-gnueabihf
87 silly reify mark deleted [
87 silly reify   '/Users/bohdan.kolesnik/Desktop/cerna/node_modules/lightningcss-linux-arm-gnueabihf'
87 silly reify ]
88 verbose reify failed optional dependency /Users/bohdan.kolesnik/Desktop/cerna/node_modules/lightningcss-freebsd-x64
89 silly reify mark deleted [
89 silly reify   '/Users/bohdan.kolesnik/Desktop/cerna/node_modules/lightningcss-freebsd-x64'
89 silly reify ]
90 verbose reify failed optional dependency /Users/bohdan.kolesnik/Desktop/cerna/node_modules/lightningcss-darwin-x64
91 silly reify mark deleted [
91 silly reify   '/Users/bohdan.kolesnik/Desktop/cerna/node_modules/lightningcss-darwin-x64'
91 silly reify ]
92 verbose reify failed optional dependency /Users/bohdan.kolesnik/Desktop/cerna/node_modules/lightningcss-android-arm64
93 silly reify mark deleted [
93 silly reify   '/Users/bohdan.kolesnik/Desktop/cerna/node_modules/lightningcss-android-arm64'
93 silly reify ]
94 verbose reify failed optional dependency /Users/bohdan.kolesnik/Desktop/cerna/node_modules/@unrs/resolver-binding-win32-x64-msvc
95 silly reify mark deleted [
95 silly reify   '/Users/bohdan.kolesnik/Desktop/cerna/node_modules/@unrs/resolver-binding-win32-x64-msvc'
95 silly reify ]
96 verbose reify failed optional dependency /Users/bohdan.kolesnik/Desktop/cerna/node_modules/@unrs/resolver-binding-win32-ia32-msvc
97 silly reify mark deleted [
97 silly reify   '/Users/bohdan.kolesnik/Desktop/cerna/node_modules/@unrs/resolver-binding-win32-ia32-msvc'
97 silly reify ]
98 verbose reify failed optional dependency /Users/bohdan.kolesnik/Desktop/cerna/node_modules/@unrs/resolver-binding-win32-arm64-msvc
99 silly reify mark deleted [
99 silly reify   '/Users/bohdan.kolesnik/Desktop/cerna/node_modules/@unrs/resolver-binding-win32-arm64-msvc'
99 silly reify ]
100 verbose reify failed optional dependency /Users/bohdan.kolesnik/Desktop/cerna/node_modules/@unrs/resolver-binding-wasm32-wasi
101 silly reify mark deleted [
101 silly reify   '/Users/bohdan.kolesnik/Desktop/cerna/node_modules/@unrs/resolver-binding-wasm32-wasi'
101 silly reify ]
102 verbose reify failed optional dependency /Users/bohdan.kolesnik/Desktop/cerna/node_modules/@unrs/resolver-binding-linux-x64-musl
103 silly reify mark deleted [
103 silly reify   '/Users/bohdan.kolesnik/Desktop/cerna/node_modules/@unrs/resolver-binding-linux-x64-musl'
103 silly reify ]
104 verbose reify failed optional dependency /Users/bohdan.kolesnik/Desktop/cerna/node_modules/@unrs/resolver-binding-linux-x64-gnu
105 silly reify mark deleted [
105 silly reify   '/Users/bohdan.kolesnik/Desktop/cerna/node_modules/@unrs/resolver-binding-linux-x64-gnu'
105 silly reify ]
106 verbose reify failed optional dependency /Users/bohdan.kolesnik/Desktop/cerna/node_modules/@unrs/resolver-binding-linux-s390x-gnu
107 silly reify mark deleted [
107 silly reify   '/Users/bohdan.kolesnik/Desktop/cerna/node_modules/@unrs/resolver-binding-linux-s390x-gnu'
107 silly reify ]
108 verbose reify failed optional dependency /Users/bohdan.kolesnik/Desktop/cerna/node_modules/@unrs/resolver-binding-linux-riscv64-musl
109 silly reify mark deleted [
109 silly reify   '/Users/bohdan.kolesnik/Desktop/cerna/node_modules/@unrs/resolver-binding-linux-riscv64-musl'
109 silly reify ]
110 verbose reify failed optional dependency /Users/bohdan.kolesnik/Desktop/cerna/node_modules/@unrs/resolver-binding-linux-riscv64-gnu
111 silly reify mark deleted [
111 silly reify   '/Users/bohdan.kolesnik/Desktop/cerna/node_modules/@unrs/resolver-binding-linux-riscv64-gnu'
111 silly reify ]
112 verbose reify failed optional dependency /Users/bohdan.kolesnik/Desktop/cerna/node_modules/@unrs/resolver-binding-linux-ppc64-gnu
113 silly reify mark deleted [
113 silly reify   '/Users/bohdan.kolesnik/Desktop/cerna/node_modules/@unrs/resolver-binding-linux-ppc64-gnu'
113 silly reify ]
114 verbose reify failed optional dependency /Users/bohdan.kolesnik/Desktop/cerna/node_modules/@unrs/resolver-binding-linux-arm64-musl
115 silly reify mark deleted [
115 silly reify   '/Users/bohdan.kolesnik/Desktop/cerna/node_modules/@unrs/resolver-binding-linux-arm64-musl'
115 silly reify ]
116 verbose reify failed optional dependency /Users/bohdan.kolesnik/Desktop/cerna/node_modules/@unrs/resolver-binding-linux-arm64-gnu
117 silly reify mark deleted [
117 silly reify   '/Users/bohdan.kolesnik/Desktop/cerna/node_modules/@unrs/resolver-binding-linux-arm64-gnu'
117 silly reify ]
118 verbose reify failed optional dependency /Users/bohdan.kolesnik/Desktop/cerna/node_modules/@unrs/resolver-binding-linux-arm-musleabihf
119 silly reify mark deleted [
119 silly reify   '/Users/bohdan.kolesnik/Desktop/cerna/node_modules/@unrs/resolver-binding-linux-arm-musleabihf'
119 silly reify ]
120 verbose reify failed optional dependency /Users/bohdan.kolesnik/Desktop/cerna/node_modules/@unrs/resolver-binding-linux-arm-gnueabihf
121 silly reify mark deleted [
121 silly reify   '/Users/bohdan.kolesnik/Desktop/cerna/node_modules/@unrs/resolver-binding-linux-arm-gnueabihf'
121 silly reify ]
122 verbose reify failed optional dependency /Users/bohdan.kolesnik/Desktop/cerna/node_modules/@unrs/resolver-binding-freebsd-x64
123 silly reify mark deleted [
123 silly reify   '/Users/bohdan.kolesnik/Desktop/cerna/node_modules/@unrs/resolver-binding-freebsd-x64'
123 silly reify ]
124 verbose reify failed optional dependency /Users/bohdan.kolesnik/Desktop/cerna/node_modules/@unrs/resolver-binding-darwin-x64
125 silly reify mark deleted [
125 silly reify   '/Users/bohdan.kolesnik/Desktop/cerna/node_modules/@unrs/resolver-binding-darwin-x64'
125 silly reify ]
126 verbose reify failed optional dependency /Users/bohdan.kolesnik/Desktop/cerna/node_modules/@unrs/resolver-binding-android-arm64
127 silly reify mark deleted [
127 silly reify   '/Users/bohdan.kolesnik/Desktop/cerna/node_modules/@unrs/resolver-binding-android-arm64'
127 silly reify ]
128 verbose reify failed optional dependency /Users/bohdan.kolesnik/Desktop/cerna/node_modules/@unrs/resolver-binding-android-arm-eabi
129 silly reify mark deleted [
129 silly reify   '/Users/bohdan.kolesnik/Desktop/cerna/node_modules/@unrs/resolver-binding-android-arm-eabi'
129 silly reify ]
130 verbose reify failed optional dependency /Users/bohdan.kolesnik/Desktop/cerna/node_modules/@tailwindcss/oxide-win32-x64-msvc
131 silly reify mark deleted [
131 silly reify   '/Users/bohdan.kolesnik/Desktop/cerna/node_modules/@tailwindcss/oxide-win32-x64-msvc'
131 silly reify ]
132 verbose reify failed optional dependency /Users/bohdan.kolesnik/Desktop/cerna/node_modules/@tailwindcss/oxide-win32-arm64-msvc
133 silly reify mark deleted [
133 silly reify   '/Users/bohdan.kolesnik/Desktop/cerna/node_modules/@tailwindcss/oxide-win32-arm64-msvc'
133 silly reify ]
134 verbose reify failed optional dependency /Users/bohdan.kolesnik/Desktop/cerna/node_modules/@tailwindcss/oxide-linux-x64-musl
135 silly reify mark deleted [
135 silly reify   '/Users/bohdan.kolesnik/Desktop/cerna/node_modules/@tailwindcss/oxide-linux-x64-musl'
135 silly reify ]
136 verbose reify failed optional dependency /Users/bohdan.kolesnik/Desktop/cerna/node_modules/@tailwindcss/oxide-linux-x64-gnu
137 silly reify mark deleted [
137 silly reify   '/Users/bohdan.kolesnik/Desktop/cerna/node_modules/@tailwindcss/oxide-linux-x64-gnu'
137 silly reify ]
138 verbose reify failed optional dependency /Users/bohdan.kolesnik/Desktop/cerna/node_modules/@tailwindcss/oxide-linux-arm64-musl
139 silly reify mark deleted [
139 silly reify   '/Users/bohdan.kolesnik/Desktop/cerna/node_modules/@tailwindcss/oxide-linux-arm64-musl'
139 silly reify ]
140 verbose reify failed optional dependency /Users/bohdan.kolesnik/Desktop/cerna/node_modules/@tailwindcss/oxide-linux-arm64-gnu
141 silly reify mark deleted [
141 silly reify   '/Users/bohdan.kolesnik/Desktop/cerna/node_modules/@tailwindcss/oxide-linux-arm64-gnu'
141 silly reify ]
142 verbose reify failed optional dependency /Users/bohdan.kolesnik/Desktop/cerna/node_modules/@tailwindcss/oxide-linux-arm-gnueabihf
143 silly reify mark deleted [
143 silly reify   '/Users/bohdan.kolesnik/Desktop/cerna/node_modules/@tailwindcss/oxide-linux-arm-gnueabihf'
143 silly reify ]
144 verbose reify failed optional dependency /Users/bohdan.kolesnik/Desktop/cerna/node_modules/@tailwindcss/oxide-freebsd-x64
145 silly reify mark deleted [
145 silly reify   '/Users/bohdan.kolesnik/Desktop/cerna/node_modules/@tailwindcss/oxide-freebsd-x64'
145 silly reify ]
146 verbose reify failed optional dependency /Users/bohdan.kolesnik/Desktop/cerna/node_modules/@tailwindcss/oxide-darwin-x64
147 silly reify mark deleted [
147 silly reify   '/Users/bohdan.kolesnik/Desktop/cerna/node_modules/@tailwindcss/oxide-darwin-x64'
147 silly reify ]
148 verbose reify failed optional dependency /Users/bohdan.kolesnik/Desktop/cerna/node_modules/@tailwindcss/oxide-android-arm64
149 silly reify mark deleted [
149 silly reify   '/Users/bohdan.kolesnik/Desktop/cerna/node_modules/@tailwindcss/oxide-android-arm64'
149 silly reify ]
150 verbose reify failed optional dependency /Users/bohdan.kolesnik/Desktop/cerna/node_modules/@next/swc-win32-x64-msvc
151 silly reify mark deleted [
151 silly reify   '/Users/bohdan.kolesnik/Desktop/cerna/node_modules/@next/swc-win32-x64-msvc'
151 silly reify ]
152 verbose reify failed optional dependency /Users/bohdan.kolesnik/Desktop/cerna/node_modules/@next/swc-win32-arm64-msvc
153 silly reify mark deleted [
153 silly reify   '/Users/bohdan.kolesnik/Desktop/cerna/node_modules/@next/swc-win32-arm64-msvc'
153 silly reify ]
154 verbose reify failed optional dependency /Users/bohdan.kolesnik/Desktop/cerna/node_modules/@next/swc-linux-x64-musl
155 silly reify mark deleted [
155 silly reify   '/Users/bohdan.kolesnik/Desktop/cerna/node_modules/@next/swc-linux-x64-musl'
155 silly reify ]
156 verbose reify failed optional dependency /Users/bohdan.kolesnik/Desktop/cerna/node_modules/@next/swc-linux-x64-gnu
157 silly reify mark deleted [
157 silly reify   '/Users/bohdan.kolesnik/Desktop/cerna/node_modules/@next/swc-linux-x64-gnu'
157 silly reify ]
158 verbose reify failed optional dependency /Users/bohdan.kolesnik/Desktop/cerna/node_modules/@next/swc-linux-arm64-musl
159 silly reify mark deleted [
159 silly reify   '/Users/bohdan.kolesnik/Desktop/cerna/node_modules/@next/swc-linux-arm64-musl'
159 silly reify ]
160 verbose reify failed optional dependency /Users/bohdan.kolesnik/Desktop/cerna/node_modules/@next/swc-linux-arm64-gnu
161 silly reify mark deleted [
161 silly reify   '/Users/bohdan.kolesnik/Desktop/cerna/node_modules/@next/swc-linux-arm64-gnu'
161 silly reify ]
162 verbose reify failed optional dependency /Users/bohdan.kolesnik/Desktop/cerna/node_modules/@next/swc-darwin-x64
163 silly reify mark deleted [
163 silly reify   '/Users/bohdan.kolesnik/Desktop/cerna/node_modules/@next/swc-darwin-x64'
163 silly reify ]
164 verbose reify failed optional dependency /Users/bohdan.kolesnik/Desktop/cerna/node_modules/@img/sharp-win32-x64
165 silly reify mark deleted [
165 silly reify   '/Users/bohdan.kolesnik/Desktop/cerna/node_modules/@img/sharp-win32-x64'
165 silly reify ]
166 verbose reify failed optional dependency /Users/bohdan.kolesnik/Desktop/cerna/node_modules/@img/sharp-win32-ia32
167 silly reify mark deleted [
167 silly reify   '/Users/bohdan.kolesnik/Desktop/cerna/node_modules/@img/sharp-win32-ia32'
167 silly reify ]
168 verbose reify failed optional dependency /Users/bohdan.kolesnik/Desktop/cerna/node_modules/@img/sharp-win32-arm64
169 silly reify mark deleted [
169 silly reify   '/Users/bohdan.kolesnik/Desktop/cerna/node_modules/@img/sharp-win32-arm64'
169 silly reify ]
170 verbose reify failed optional dependency /Users/bohdan.kolesnik/Desktop/cerna/node_modules/@img/sharp-wasm32
171 silly reify mark deleted [
171 silly reify   '/Users/bohdan.kolesnik/Desktop/cerna/node_modules/@img/sharp-wasm32'
171 silly reify ]
172 verbose reify failed optional dependency /Users/bohdan.kolesnik/Desktop/cerna/node_modules/@img/sharp-linuxmusl-x64
173 silly reify mark deleted [
173 silly reify   '/Users/bohdan.kolesnik/Desktop/cerna/node_modules/@img/sharp-linuxmusl-x64'
173 silly reify ]
174 verbose reify failed optional dependency /Users/bohdan.kolesnik/Desktop/cerna/node_modules/@img/sharp-linuxmusl-arm64
175 silly reify mark deleted [
175 silly reify   '/Users/bohdan.kolesnik/Desktop/cerna/node_modules/@img/sharp-linuxmusl-arm64'
175 silly reify ]
176 verbose reify failed optional dependency /Users/bohdan.kolesnik/Desktop/cerna/node_modules/@img/sharp-linux-x64
177 silly reify mark deleted [
177 silly reify   '/Users/bohdan.kolesnik/Desktop/cerna/node_modules/@img/sharp-linux-x64'
177 silly reify ]
178 verbose reify failed optional dependency /Users/bohdan.kolesnik/Desktop/cerna/node_modules/@img/sharp-linux-s390x
179 silly reify mark deleted [
179 silly reify   '/Users/bohdan.kolesnik/Desktop/cerna/node_modules/@img/sharp-linux-s390x'
179 silly reify ]
180 verbose reify failed optional dependency /Users/bohdan.kolesnik/Desktop/cerna/node_modules/@img/sharp-linux-riscv64
181 silly reify mark deleted [
181 silly reify   '/Users/bohdan.kolesnik/Desktop/cerna/node_modules/@img/sharp-linux-riscv64'
181 silly reify ]
182 verbose reify failed optional dependency /Users/bohdan.kolesnik/Desktop/cerna/node_modules/@img/sharp-linux-ppc64
183 silly reify mark deleted [
183 silly reify   '/Users/bohdan.kolesnik/Desktop/cerna/node_modules/@img/sharp-linux-ppc64'
183 silly reify ]
184 verbose reify failed optional dependency /Users/bohdan.kolesnik/Desktop/cerna/node_modules/@img/sharp-linux-arm64
185 silly reify mark deleted [
185 silly reify   '/Users/bohdan.kolesnik/Desktop/cerna/node_modules/@img/sharp-linux-arm64'
185 silly reify ]
186 verbose reify failed optional dependency /Users/bohdan.kolesnik/Desktop/cerna/node_modules/@img/sharp-linux-arm
187 silly reify mark deleted [
187 silly reify   '/Users/bohdan.kolesnik/Desktop/cerna/node_modules/@img/sharp-linux-arm'
187 silly reify ]
188 verbose reify failed optional dependency /Users/bohdan.kolesnik/Desktop/cerna/node_modules/@img/sharp-libvips-linuxmusl-x64
189 silly reify mark deleted [
189 silly reify   '/Users/bohdan.kolesnik/Desktop/cerna/node_modules/@img/sharp-libvips-linuxmusl-x64'
189 silly reify ]
190 verbose reify failed optional dependency /Users/bohdan.kolesnik/Desktop/cerna/node_modules/@img/sharp-libvips-linuxmusl-arm64
191 silly reify mark deleted [
191 silly reify   '/Users/bohdan.kolesnik/Desktop/cerna/node_modules/@img/sharp-libvips-linuxmusl-arm64'
191 silly reify ]
192 verbose reify failed optional dependency /Users/bohdan.kolesnik/Desktop/cerna/node_modules/@img/sharp-libvips-linux-x64
193 silly reify mark deleted [
193 silly reify   '/Users/bohdan.kolesnik/Desktop/cerna/node_modules/@img/sharp-libvips-linux-x64'
193 silly reify ]
194 verbose reify failed optional dependency /Users/bohdan.kolesnik/Desktop/cerna/node_modules/@img/sharp-libvips-linux-s390x
195 silly reify mark deleted [
195 silly reify   '/Users/bohdan.kolesnik/Desktop/cerna/node_modules/@img/sharp-libvips-linux-s390x'
195 silly reify ]
196 verbose reify failed optional dependency /Users/bohdan.kolesnik/Desktop/cerna/node_modules/@img/sharp-libvips-linux-riscv64
197 silly reify mark deleted [
197 silly reify   '/Users/bohdan.kolesnik/Desktop/cerna/node_modules/@img/sharp-libvips-linux-riscv64'
197 silly reify ]
198 verbose reify failed optional dependency /Users/bohdan.kolesnik/Desktop/cerna/node_modules/@img/sharp-libvips-linux-ppc64
199 silly reify mark deleted [
199 silly reify   '/Users/bohdan.kolesnik/Desktop/cerna/node_modules/@img/sharp-libvips-linux-ppc64'
199 silly reify ]
200 verbose reify failed optional dependency /Users/bohdan.kolesnik/Desktop/cerna/node_modules/@img/sharp-libvips-linux-arm64
201 silly reify mark deleted [
201 silly reify   '/Users/bohdan.kolesnik/Desktop/cerna/node_modules/@img/sharp-libvips-linux-arm64'
201 silly reify ]
202 verbose reify failed optional dependency /Users/bohdan.kolesnik/Desktop/cerna/node_modules/@img/sharp-libvips-linux-arm
203 silly reify mark deleted [
203 silly reify   '/Users/bohdan.kolesnik/Desktop/cerna/node_modules/@img/sharp-libvips-linux-arm'
203 silly reify ]
204 verbose reify failed optional dependency /Users/bohdan.kolesnik/Desktop/cerna/node_modules/@img/sharp-libvips-darwin-x64
205 silly reify mark deleted [
205 silly reify   '/Users/bohdan.kolesnik/Desktop/cerna/node_modules/@img/sharp-libvips-darwin-x64'
205 silly reify ]
206 verbose reify failed optional dependency /Users/bohdan.kolesnik/Desktop/cerna/node_modules/@img/sharp-darwin-x64
207 silly reify mark deleted [
207 silly reify   '/Users/bohdan.kolesnik/Desktop/cerna/node_modules/@img/sharp-darwin-x64'
207 silly reify ]
208 timing reifyNode:node_modules/lightningcss-win32-x64-msvc Completed in 10ms
209 timing reifyNode:node_modules/lightningcss-win32-arm64-msvc Completed in 10ms
210 timing reifyNode:node_modules/lightningcss-linux-x64-musl Completed in 10ms
211 timing reifyNode:node_modules/lightningcss-linux-x64-gnu Completed in 10ms
212 timing reifyNode:node_modules/lightningcss-linux-arm64-musl Completed in 10ms
213 timing reifyNode:node_modules/lightningcss-linux-arm64-gnu Completed in 10ms
214 timing reifyNode:node_modules/lightningcss-linux-arm-gnueabihf Completed in 9ms
215 timing reifyNode:node_modules/lightningcss-freebsd-x64 Completed in 9ms
216 timing reifyNode:node_modules/lightningcss-darwin-x64 Completed in 9ms
217 timing reifyNode:node_modules/lightningcss-android-arm64 Completed in 9ms
218 timing reifyNode:node_modules/@unrs/resolver-binding-win32-x64-msvc Completed in 9ms
219 timing reifyNode:node_modules/@unrs/resolver-binding-win32-ia32-msvc Completed in 9ms
220 timing reifyNode:node_modules/@unrs/resolver-binding-win32-arm64-msvc Completed in 9ms
221 timing reifyNode:node_modules/@unrs/resolver-binding-wasm32-wasi Completed in 9ms
222 timing reifyNode:node_modules/@unrs/resolver-binding-linux-x64-musl Completed in 9ms
223 timing reifyNode:node_modules/@unrs/resolver-binding-linux-x64-gnu Completed in 9ms
224 timing reifyNode:node_modules/@unrs/resolver-binding-linux-s390x-gnu Completed in 9ms
225 timing reifyNode:node_modules/@unrs/resolver-binding-linux-riscv64-musl Completed in 9ms
226 timing reifyNode:node_modules/@unrs/resolver-binding-linux-riscv64-gnu Completed in 9ms
227 timing reifyNode:node_modules/@unrs/resolver-binding-linux-ppc64-gnu Completed in 9ms
228 timing reifyNode:node_modules/@unrs/resolver-binding-linux-arm64-musl Completed in 9ms
229 timing reifyNode:node_modules/@unrs/resolver-binding-linux-arm64-gnu Completed in 9ms
230 timing reifyNode:node_modules/@unrs/resolver-binding-linux-arm-musleabihf Completed in 9ms
231 timing reifyNode:node_modules/@unrs/resolver-binding-linux-arm-gnueabihf Completed in 10ms
232 timing reifyNode:node_modules/@unrs/resolver-binding-freebsd-x64 Completed in 10ms
233 timing reifyNode:node_modules/@unrs/resolver-binding-darwin-x64 Completed in 10ms
234 timing reifyNode:node_modules/@unrs/resolver-binding-android-arm64 Completed in 10ms
235 timing reifyNode:node_modules/@unrs/resolver-binding-android-arm-eabi Completed in 10ms
236 timing reifyNode:node_modules/@tailwindcss/oxide-win32-x64-msvc Completed in 10ms
237 timing reifyNode:node_modules/@tailwindcss/oxide-win32-arm64-msvc Completed in 10ms
238 timing reifyNode:node_modules/@tailwindcss/oxide-linux-x64-musl Completed in 10ms
239 timing reifyNode:node_modules/@tailwindcss/oxide-linux-x64-gnu Completed in 10ms
240 timing reifyNode:node_modules/@tailwindcss/oxide-linux-arm64-musl Completed in 10ms
241 timing reifyNode:node_modules/@tailwindcss/oxide-linux-arm64-gnu Completed in 10ms
242 timing reifyNode:node_modules/@tailwindcss/oxide-linux-arm-gnueabihf Completed in 10ms
243 timing reifyNode:node_modules/@tailwindcss/oxide-freebsd-x64 Completed in 10ms
244 timing reifyNode:node_modules/@tailwindcss/oxide-darwin-x64 Completed in 10ms
245 timing reifyNode:node_modules/@tailwindcss/oxide-android-arm64 Completed in 10ms
246 timing reifyNode:node_modules/@next/swc-win32-x64-msvc Completed in 10ms
247 timing reifyNode:node_modules/@next/swc-win32-arm64-msvc Completed in 10ms
248 timing reifyNode:node_modules/@next/swc-linux-x64-musl Completed in 10ms
249 timing reifyNode:node_modules/@next/swc-linux-x64-gnu Completed in 10ms
250 timing reifyNode:node_modules/@next/swc-linux-arm64-musl Completed in 10ms
251 timing reifyNode:node_modules/@next/swc-linux-arm64-gnu Completed in 10ms
252 timing reifyNode:node_modules/@next/swc-darwin-x64 Completed in 10ms
253 timing reifyNode:node_modules/@img/sharp-win32-x64 Completed in 10ms
254 timing reifyNode:node_modules/@img/sharp-win32-ia32 Completed in 10ms
255 timing reifyNode:node_modules/@img/sharp-win32-arm64 Completed in 10ms
256 timing reifyNode:node_modules/@img/sharp-wasm32 Completed in 10ms
257 timing reifyNode:node_modules/@img/sharp-linuxmusl-x64 Completed in 10ms
258 timing reifyNode:node_modules/@img/sharp-linuxmusl-arm64 Completed in 10ms
259 timing reifyNode:node_modules/@img/sharp-linux-x64 Completed in 10ms
260 timing reifyNode:node_modules/@img/sharp-linux-s390x Completed in 10ms
261 timing reifyNode:node_modules/@img/sharp-linux-riscv64 Completed in 10ms
262 timing reifyNode:node_modules/@img/sharp-linux-ppc64 Completed in 10ms
263 timing reifyNode:node_modules/@img/sharp-linux-arm64 Completed in 10ms
264 timing reifyNode:node_modules/@img/sharp-linux-arm Completed in 10ms
265 timing reifyNode:node_modules/@img/sharp-libvips-linuxmusl-x64 Completed in 10ms
266 timing reifyNode:node_modules/@img/sharp-libvips-linuxmusl-arm64 Completed in 10ms
267 timing reifyNode:node_modules/@img/sharp-libvips-linux-x64 Completed in 9ms
268 timing reifyNode:node_modules/@img/sharp-libvips-linux-s390x Completed in 9ms
269 timing reifyNode:node_modules/@img/sharp-libvips-linux-riscv64 Completed in 9ms
270 timing reifyNode:node_modules/@img/sharp-libvips-linux-ppc64 Completed in 9ms
271 timing reifyNode:node_modules/@img/sharp-libvips-linux-arm64 Completed in 9ms
272 timing reifyNode:node_modules/@img/sharp-libvips-linux-arm Completed in 9ms
273 timing reifyNode:node_modules/@img/sharp-libvips-darwin-x64 Completed in 9ms
274 timing reifyNode:node_modules/@img/sharp-darwin-x64 Completed in 9ms
275 silly tarball no local data for framer-motion@https://registry.npmjs.org/framer-motion/-/framer-motion-12.23.26.tgz. Extracting by manifest.
276 silly tarball no local data for motion-utils@https://registry.npmjs.org/motion-utils/-/motion-utils-12.23.6.tgz. Extracting by manifest.
277 silly tarball no local data for motion-dom@https://registry.npmjs.org/motion-dom/-/motion-dom-12.23.23.tgz. Extracting by manifest.
278 http fetch GET 200 https://registry.npmjs.org/motion-utils/-/motion-utils-12.23.6.tgz 306ms (cache miss)
279 timing reifyNode:node_modules/motion-utils Completed in 321ms
280 http fetch GET 200 https://registry.npmjs.org/framer-motion/-/framer-motion-12.23.26.tgz 343ms (cache miss)
281 timing reifyNode:node_modules/framer-motion Completed in 357ms
282 http fetch GET 200 https://registry.npmjs.org/motion-dom/-/motion-dom-12.23.23.tgz 374ms (cache miss)
283 timing reifyNode:node_modules/motion-dom Completed in 390ms
284 timing reify:unpack Completed in 390ms
285 timing reify:unretire Completed in 0ms
286 timing build:queue Completed in 1ms
287 timing build:deps Completed in 1ms
288 timing build Completed in 1ms
289 timing reify:build Completed in 1ms
290 timing reify:trash Completed in 92ms
291 timing reify:save Completed in 318ms
292 timing reify Completed in 2532ms
293 silly ADD node_modules/motion-utils
294 silly ADD node_modules/motion-dom
295 silly ADD node_modules/framer-motion
296 silly ADD
297 silly ADD
298 silly ADD
299 silly ADD
300 silly ADD
301 silly ADD
302 silly ADD
303 silly ADD
304 silly ADD
305 silly ADD
306 silly ADD
307 silly ADD
308 silly ADD
309 silly ADD
310 silly ADD
311 silly ADD
312 silly ADD
313 silly ADD
314 silly ADD
315 silly ADD
316 silly ADD
317 silly ADD
318 silly ADD
319 silly ADD
320 silly ADD
321 silly ADD
322 silly ADD
323 silly ADD
324 silly ADD
325 silly ADD
326 silly ADD
327 silly ADD
328 silly ADD
329 silly ADD
330 silly ADD
331 silly ADD
332 silly ADD
333 silly ADD
334 silly ADD
335 silly ADD
336 silly ADD
337 silly ADD
338 silly ADD
339 silly ADD
340 silly ADD
341 silly ADD
342 silly ADD
343 silly ADD
344 silly ADD
345 silly ADD
346 silly ADD
347 silly ADD
348 silly ADD
349 silly ADD
350 silly ADD
351 silly ADD
352 silly ADD
353 silly ADD
354 silly ADD
355 silly ADD
356 silly ADD
357 silly ADD
358 silly ADD
359 silly ADD
360 silly ADD
361 silly ADD
362 silly ADD
363 silly ADD
364 silly REMOVE node_modules/stripe
365 silly REMOVE node_modules/qs
366 timing command:install Completed in 2535ms
367 notice
367 notice New major version of npm available! 10.2.3 -> 11.7.0
367 notice Changelog: <https://github.com/npm/cli/releases/tag/v11.7.0>
367 notice Run `npm install -g npm@11.7.0` to update!
367 notice
368 verbose exit 0
369 timing npm Completed in 2748ms
370 info ok
